{"C:\\Users\\nikam\\WebstormProjects\\2025SS-TeamRot-TravelPlanner\\server\\config.js": {"path":"C:\\Users\\nikam\\WebstormProjects\\2025SS-TeamRot-TravelPlanner\\server\\config.js","statementMap":{"0":{"start":{"line":2,"column":0},"end":{"line":5,"column":2}}},"fnMap":{},"branchMap":{},"s":{"0":2},"f":{},"b":{},"_coverageSchema":"1a1c01bbd47fc00a2c39e90264f33305004495a9","hash":"3589e022c86f55e635f8b45dfa14d3de5f1977cb"}
,"C:\\Users\\nikam\\WebstormProjects\\2025SS-TeamRot-TravelPlanner\\server\\middleware\\authMiddleware.js": {"path":"C:\\Users\\nikam\\WebstormProjects\\2025SS-TeamRot-TravelPlanner\\server\\middleware\\authMiddleware.js","statementMap":{"0":{"start":{"line":2,"column":12},"end":{"line":2,"column":35}},"1":{"start":{"line":3,"column":15},"end":{"line":3,"column":35}},"2":{"start":{"line":4,"column":13},"end":{"line":4,"column":38}},"3":{"start":{"line":6,"column":13},"end":{"line":28,"column":1}},"4":{"start":{"line":7,"column":4},"end":{"line":27,"column":5}},"5":{"start":{"line":8,"column":22},"end":{"line":8,"column":73}},"6":{"start":{"line":10,"column":8},"end":{"line":12,"column":9}},"7":{"start":{"line":11,"column":12},"end":{"line":11,"column":87}},"8":{"start":{"line":14,"column":24},"end":{"line":14,"column":59}},"9":{"start":{"line":17,"column":21},"end":{"line":17,"column":77}},"10":{"start":{"line":18,"column":8},"end":{"line":20,"column":9}},"11":{"start":{"line":19,"column":12},"end":{"line":19,"column":75}},"12":{"start":{"line":22,"column":8},"end":{"line":22,"column":43}},"13":{"start":{"line":23,"column":8},"end":{"line":23,"column":15}},"14":{"start":{"line":25,"column":8},"end":{"line":25,"column":55}},"15":{"start":{"line":26,"column":8},"end":{"line":26,"column":64}},"16":{"start":{"line":30,"column":0},"end":{"line":30,"column":22}}},"fnMap":{"0":{"name":"(anonymous_0)","decl":{"start":{"line":6,"column":13},"end":{"line":6,"column":14}},"loc":{"start":{"line":6,"column":39},"end":{"line":28,"column":1}},"line":6}},"branchMap":{"0":{"loc":{"start":{"line":10,"column":8},"end":{"line":12,"column":9}},"type":"if","locations":[{"start":{"line":10,"column":8},"end":{"line":12,"column":9}},{"start":{},"end":{}}],"line":10},"1":{"loc":{"start":{"line":18,"column":8},"end":{"line":20,"column":9}},"type":"if","locations":[{"start":{"line":18,"column":8},"end":{"line":20,"column":9}},{"start":{},"end":{}}],"line":18}},"s":{"0":1,"1":1,"2":1,"3":1,"4":5,"5":5,"6":5,"7":1,"8":4,"9":2,"10":2,"11":1,"12":1,"13":1,"14":2,"15":2,"16":1},"f":{"0":5},"b":{"0":[1,4],"1":[1,1]},"_coverageSchema":"1a1c01bbd47fc00a2c39e90264f33305004495a9","hash":"c77906cd00a5c1ff0becb160c7461f0a37dca0d8"}
,"C:\\Users\\nikam\\WebstormProjects\\2025SS-TeamRot-TravelPlanner\\server\\models\\User.js": {"path":"C:\\Users\\nikam\\WebstormProjects\\2025SS-TeamRot-TravelPlanner\\server\\models\\User.js","statementMap":{"0":{"start":{"line":2,"column":17},"end":{"line":2,"column":36}},"1":{"start":{"line":4,"column":19},"end":{"line":49,"column":2}},"2":{"start":{"line":51,"column":0},"end":{"line":51,"column":52}}},"fnMap":{},"branchMap":{},"s":{"0":2,"1":2,"2":2},"f":{},"b":{},"_coverageSchema":"1a1c01bbd47fc00a2c39e90264f33305004495a9","hash":"38f66c3faaab497e85e2a349db5b246d89f00c2d"}
}
