{"C:\\Users\\nikam\\WebstormProjects\\2025SS-TeamRot-TravelPlanner\\server\\config.js": {"path":"C:\\Users\\nikam\\WebstormProjects\\2025SS-TeamRot-TravelPlanner\\server\\config.js","statementMap":{"0":{"start":{"line":2,"column":0},"end":{"line":5,"column":2}}},"fnMap":{},"branchMap":{},"s":{"0":2},"f":{},"b":{},"_coverageSchema":"1a1c01bbd47fc00a2c39e90264f33305004495a9","hash":"3589e022c86f55e635f8b45dfa14d3de5f1977cb"}
,"C:\\Users\\nikam\\WebstormProjects\\2025SS-TeamRot-TravelPlanner\\server\\middleware\\authMiddleware.js": {"path":"C:\\Users\\nikam\\WebstormProjects\\2025SS-TeamRot-TravelPlanner\\server\\middleware\\authMiddleware.js","statementMap":{"0":{"start":{"line":3,"column":12},"end":{"line":3,"column":35}},"1":{"start":{"line":4,"column":15},"end":{"line":4,"column":35}},"2":{"start":{"line":5,"column":13},"end":{"line":5,"column":38}},"3":{"start":{"line":8,"column":13},"end":{"line":36,"column":1}},"4":{"start":{"line":9,"column":4},"end":{"line":35,"column":5}},"5":{"start":{"line":11,"column":22},"end":{"line":11,"column":73}},"6":{"start":{"line":14,"column":8},"end":{"line":16,"column":9}},"7":{"start":{"line":15,"column":12},"end":{"line":15,"column":87}},"8":{"start":{"line":19,"column":24},"end":{"line":19,"column":59}},"9":{"start":{"line":22,"column":21},"end":{"line":22,"column":77}},"10":{"start":{"line":23,"column":8},"end":{"line":26,"column":9}},"11":{"start":{"line":25,"column":12},"end":{"line":25,"column":75}},"12":{"start":{"line":29,"column":8},"end":{"line":29,"column":43}},"13":{"start":{"line":30,"column":8},"end":{"line":30,"column":15}},"14":{"start":{"line":32,"column":8},"end":{"line":32,"column":55}},"15":{"start":{"line":34,"column":8},"end":{"line":34,"column":64}},"16":{"start":{"line":38,"column":0},"end":{"line":38,"column":22}}},"fnMap":{"0":{"name":"(anonymous_0)","decl":{"start":{"line":8,"column":13},"end":{"line":8,"column":14}},"loc":{"start":{"line":8,"column":39},"end":{"line":36,"column":1}},"line":8}},"branchMap":{"0":{"loc":{"start":{"line":14,"column":8},"end":{"line":16,"column":9}},"type":"if","locations":[{"start":{"line":14,"column":8},"end":{"line":16,"column":9}},{"start":{},"end":{}}],"line":14},"1":{"loc":{"start":{"line":23,"column":8},"end":{"line":26,"column":9}},"type":"if","locations":[{"start":{"line":23,"column":8},"end":{"line":26,"column":9}},{"start":{},"end":{}}],"line":23}},"s":{"0":1,"1":1,"2":1,"3":1,"4":5,"5":5,"6":5,"7":1,"8":4,"9":2,"10":2,"11":1,"12":1,"13":1,"14":2,"15":2,"16":1},"f":{"0":5},"b":{"0":[1,4],"1":[1,1]},"_coverageSchema":"1a1c01bbd47fc00a2c39e90264f33305004495a9","hash":"cdf6faa42a366922f6c18606ad5843d0fc42ce67"}
,"C:\\Users\\nikam\\WebstormProjects\\2025SS-TeamRot-TravelPlanner\\server\\models\\User.js": {"path":"C:\\Users\\nikam\\WebstormProjects\\2025SS-TeamRot-TravelPlanner\\server\\models\\User.js","statementMap":{"0":{"start":{"line":2,"column":17},"end":{"line":2,"column":36}},"1":{"start":{"line":4,"column":19},"end":{"line":49,"column":2}},"2":{"start":{"line":51,"column":0},"end":{"line":51,"column":52}}},"fnMap":{},"branchMap":{},"s":{"0":3,"1":3,"2":3},"f":{},"b":{},"_coverageSchema":"1a1c01bbd47fc00a2c39e90264f33305004495a9","hash":"38f66c3faaab497e85e2a349db5b246d89f00c2d"}
,"C:\\Users\\nikam\\WebstormProjects\\2025SS-TeamRot-TravelPlanner\\server\\routes\\destinations.js": {"path":"C:\\Users\\nikam\\WebstormProjects\\2025SS-TeamRot-TravelPlanner\\server\\routes\\destinations.js","statementMap":{"0":{"start":{"line":2,"column":16},"end":{"line":2,"column":34}},"1":{"start":{"line":3,"column":15},"end":{"line":3,"column":31}},"2":{"start":{"line":4,"column":13},"end":{"line":4,"column":52}},"3":{"start":{"line":5,"column":13},"end":{"line":5,"column":38}},"4":{"start":{"line":8,"column":0},"end":{"line":19,"column":3}},"5":{"start":{"line":9,"column":4},"end":{"line":18,"column":5}},"6":{"start":{"line":10,"column":21},"end":{"line":10,"column":81}},"7":{"start":{"line":11,"column":8},"end":{"line":13,"column":9}},"8":{"start":{"line":12,"column":12},"end":{"line":12,"column":67}},"9":{"start":{"line":14,"column":8},"end":{"line":14,"column":41}},"10":{"start":{"line":16,"column":8},"end":{"line":16,"column":35}},"11":{"start":{"line":17,"column":8},"end":{"line":17,"column":45}},"12":{"start":{"line":22,"column":0},"end":{"line":52,"column":3}},"13":{"start":{"line":23,"column":4},"end":{"line":51,"column":5}},"14":{"start":{"line":24,"column":25},"end":{"line":24,"column":33}},"15":{"start":{"line":26,"column":8},"end":{"line":28,"column":9}},"16":{"start":{"line":27,"column":12},"end":{"line":27,"column":81}},"17":{"start":{"line":30,"column":21},"end":{"line":30,"column":53}},"18":{"start":{"line":31,"column":8},"end":{"line":33,"column":9}},"19":{"start":{"line":32,"column":12},"end":{"line":32,"column":67}},"20":{"start":{"line":36,"column":23},"end":{"line":38,"column":9}},"21":{"start":{"line":37,"column":12},"end":{"line":37,"column":58}},"22":{"start":{"line":40,"column":8},"end":{"line":42,"column":9}},"23":{"start":{"line":41,"column":12},"end":{"line":41,"column":78}},"24":{"start":{"line":44,"column":8},"end":{"line":44,"column":59}},"25":{"start":{"line":45,"column":8},"end":{"line":45,"column":26}},"26":{"start":{"line":47,"column":8},"end":{"line":47,"column":41}},"27":{"start":{"line":49,"column":8},"end":{"line":49,"column":35}},"28":{"start":{"line":50,"column":8},"end":{"line":50,"column":45}},"29":{"start":{"line":55,"column":0},"end":{"line":72,"column":3}},"30":{"start":{"line":56,"column":4},"end":{"line":71,"column":5}},"31":{"start":{"line":57,"column":21},"end":{"line":57,"column":53}},"32":{"start":{"line":58,"column":8},"end":{"line":60,"column":9}},"33":{"start":{"line":59,"column":12},"end":{"line":59,"column":67}},"34":{"start":{"line":62,"column":8},"end":{"line":64,"column":10}},"35":{"start":{"line":63,"column":20},"end":{"line":63,"column":57}},"36":{"start":{"line":66,"column":8},"end":{"line":66,"column":26}},"37":{"start":{"line":67,"column":8},"end":{"line":67,"column":41}},"38":{"start":{"line":69,"column":8},"end":{"line":69,"column":35}},"39":{"start":{"line":70,"column":8},"end":{"line":70,"column":45}},"40":{"start":{"line":75,"column":0},"end":{"line":86,"column":3}},"41":{"start":{"line":76,"column":4},"end":{"line":85,"column":5}},"42":{"start":{"line":77,"column":21},"end":{"line":77,"column":80}},"43":{"start":{"line":78,"column":8},"end":{"line":80,"column":9}},"44":{"start":{"line":79,"column":12},"end":{"line":79,"column":67}},"45":{"start":{"line":81,"column":8},"end":{"line":81,"column":40}},"46":{"start":{"line":83,"column":8},"end":{"line":83,"column":35}},"47":{"start":{"line":84,"column":8},"end":{"line":84,"column":45}},"48":{"start":{"line":89,"column":0},"end":{"line":125,"column":3}},"49":{"start":{"line":90,"column":4},"end":{"line":124,"column":5}},"50":{"start":{"line":91,"column":64},"end":{"line":91,"column":72}},"51":{"start":{"line":93,"column":8},"end":{"line":95,"column":9}},"52":{"start":{"line":94,"column":12},"end":{"line":94,"column":88}},"53":{"start":{"line":97,"column":21},"end":{"line":97,"column":53}},"54":{"start":{"line":98,"column":8},"end":{"line":100,"column":9}},"55":{"start":{"line":99,"column":12},"end":{"line":99,"column":67}},"56":{"start":{"line":103,"column":23},"end":{"line":105,"column":9}},"57":{"start":{"line":104,"column":12},"end":{"line":104,"column":46}},"58":{"start":{"line":107,"column":8},"end":{"line":109,"column":9}},"59":{"start":{"line":108,"column":12},"end":{"line":108,"column":77}},"60":{"start":{"line":111,"column":8},"end":{"line":117,"column":11}},"61":{"start":{"line":118,"column":8},"end":{"line":118,"column":26}},"62":{"start":{"line":120,"column":8},"end":{"line":120,"column":40}},"63":{"start":{"line":122,"column":8},"end":{"line":122,"column":35}},"64":{"start":{"line":123,"column":8},"end":{"line":123,"column":45}},"65":{"start":{"line":128,"column":0},"end":{"line":145,"column":3}},"66":{"start":{"line":129,"column":4},"end":{"line":144,"column":5}},"67":{"start":{"line":130,"column":21},"end":{"line":130,"column":53}},"68":{"start":{"line":131,"column":8},"end":{"line":133,"column":9}},"69":{"start":{"line":132,"column":12},"end":{"line":132,"column":67}},"70":{"start":{"line":135,"column":8},"end":{"line":137,"column":10}},"71":{"start":{"line":136,"column":20},"end":{"line":136,"column":57}},"72":{"start":{"line":139,"column":8},"end":{"line":139,"column":26}},"73":{"start":{"line":140,"column":8},"end":{"line":140,"column":40}},"74":{"start":{"line":142,"column":8},"end":{"line":142,"column":35}},"75":{"start":{"line":143,"column":8},"end":{"line":143,"column":45}},"76":{"start":{"line":147,"column":0},"end":{"line":147,"column":24}}},"fnMap":{"0":{"name":"(anonymous_0)","decl":{"start":{"line":8,"column":27},"end":{"line":8,"column":28}},"loc":{"start":{"line":8,"column":47},"end":{"line":19,"column":1}},"line":8},"1":{"name":"(anonymous_1)","decl":{"start":{"line":22,"column":26},"end":{"line":22,"column":27}},"loc":{"start":{"line":22,"column":46},"end":{"line":52,"column":1}},"line":22},"2":{"name":"(anonymous_2)","decl":{"start":{"line":36,"column":51},"end":{"line":36,"column":52}},"loc":{"start":{"line":37,"column":12},"end":{"line":37,"column":58}},"line":37},"3":{"name":"(anonymous_3)","decl":{"start":{"line":55,"column":35},"end":{"line":55,"column":36}},"loc":{"start":{"line":55,"column":55},"end":{"line":72,"column":1}},"line":55},"4":{"name":"(anonymous_4)","decl":{"start":{"line":63,"column":12},"end":{"line":63,"column":13}},"loc":{"start":{"line":63,"column":20},"end":{"line":63,"column":57}},"line":63},"5":{"name":"(anonymous_5)","decl":{"start":{"line":75,"column":39},"end":{"line":75,"column":40}},"loc":{"start":{"line":75,"column":59},"end":{"line":86,"column":1}},"line":75},"6":{"name":"(anonymous_6)","decl":{"start":{"line":89,"column":38},"end":{"line":89,"column":39}},"loc":{"start":{"line":89,"column":58},"end":{"line":125,"column":1}},"line":89},"7":{"name":"(anonymous_7)","decl":{"start":{"line":103,"column":50},"end":{"line":103,"column":51}},"loc":{"start":{"line":104,"column":12},"end":{"line":104,"column":46}},"line":104},"8":{"name":"(anonymous_8)","decl":{"start":{"line":128,"column":47},"end":{"line":128,"column":48}},"loc":{"start":{"line":128,"column":67},"end":{"line":145,"column":1}},"line":128},"9":{"name":"(anonymous_9)","decl":{"start":{"line":136,"column":12},"end":{"line":136,"column":13}},"loc":{"start":{"line":136,"column":20},"end":{"line":136,"column":57}},"line":136}},"branchMap":{"0":{"loc":{"start":{"line":11,"column":8},"end":{"line":13,"column":9}},"type":"if","locations":[{"start":{"line":11,"column":8},"end":{"line":13,"column":9}},{"start":{},"end":{}}],"line":11},"1":{"loc":{"start":{"line":26,"column":8},"end":{"line":28,"column":9}},"type":"if","locations":[{"start":{"line":26,"column":8},"end":{"line":28,"column":9}},{"start":{},"end":{}}],"line":26},"2":{"loc":{"start":{"line":26,"column":12},"end":{"line":26,"column":33}},"type":"binary-expr","locations":[{"start":{"line":26,"column":12},"end":{"line":26,"column":17}},{"start":{"line":26,"column":21},"end":{"line":26,"column":33}}],"line":26},"3":{"loc":{"start":{"line":31,"column":8},"end":{"line":33,"column":9}},"type":"if","locations":[{"start":{"line":31,"column":8},"end":{"line":33,"column":9}},{"start":{},"end":{}}],"line":31},"4":{"loc":{"start":{"line":40,"column":8},"end":{"line":42,"column":9}},"type":"if","locations":[{"start":{"line":40,"column":8},"end":{"line":42,"column":9}},{"start":{},"end":{}}],"line":40},"5":{"loc":{"start":{"line":58,"column":8},"end":{"line":60,"column":9}},"type":"if","locations":[{"start":{"line":58,"column":8},"end":{"line":60,"column":9}},{"start":{},"end":{}}],"line":58},"6":{"loc":{"start":{"line":78,"column":8},"end":{"line":80,"column":9}},"type":"if","locations":[{"start":{"line":78,"column":8},"end":{"line":80,"column":9}},{"start":{},"end":{}}],"line":78},"7":{"loc":{"start":{"line":93,"column":8},"end":{"line":95,"column":9}},"type":"if","locations":[{"start":{"line":93,"column":8},"end":{"line":95,"column":9}},{"start":{},"end":{}}],"line":93},"8":{"loc":{"start":{"line":93,"column":12},"end":{"line":93,"column":58}},"type":"binary-expr","locations":[{"start":{"line":93,"column":12},"end":{"line":93,"column":25}},{"start":{"line":93,"column":29},"end":{"line":93,"column":34}},{"start":{"line":93,"column":38},"end":{"line":93,"column":45}},{"start":{"line":93,"column":49},"end":{"line":93,"column":58}}],"line":93},"9":{"loc":{"start":{"line":98,"column":8},"end":{"line":100,"column":9}},"type":"if","locations":[{"start":{"line":98,"column":8},"end":{"line":100,"column":9}},{"start":{},"end":{}}],"line":98},"10":{"loc":{"start":{"line":107,"column":8},"end":{"line":109,"column":9}},"type":"if","locations":[{"start":{"line":107,"column":8},"end":{"line":109,"column":9}},{"start":{},"end":{}}],"line":107},"11":{"loc":{"start":{"line":131,"column":8},"end":{"line":133,"column":9}},"type":"if","locations":[{"start":{"line":131,"column":8},"end":{"line":133,"column":9}},{"start":{},"end":{}}],"line":131}},"s":{"0":1,"1":1,"2":1,"3":1,"4":1,"5":3,"6":3,"7":2,"8":1,"9":1,"10":1,"11":1,"12":1,"13":6,"14":6,"15":6,"16":2,"17":4,"18":4,"19":1,"20":3,"21":1,"22":3,"23":1,"24":2,"25":2,"26":2,"27":0,"28":0,"29":1,"30":2,"31":2,"32":2,"33":1,"34":1,"35":2,"36":1,"37":1,"38":0,"39":0,"40":1,"41":1,"42":1,"43":1,"44":0,"45":1,"46":0,"47":0,"48":1,"49":4,"50":4,"51":4,"52":1,"53":3,"54":3,"55":0,"56":3,"57":1,"58":3,"59":1,"60":2,"61":2,"62":2,"63":0,"64":0,"65":1,"66":1,"67":1,"68":1,"69":0,"70":1,"71":2,"72":1,"73":1,"74":0,"75":0,"76":1},"f":{"0":3,"1":6,"2":1,"3":2,"4":2,"5":1,"6":4,"7":1,"8":1,"9":2},"b":{"0":[1,1],"1":[2,4],"2":[6,5],"3":[1,3],"4":[1,2],"5":[1,1],"6":[0,1],"7":[1,3],"8":[4,4,4,3],"9":[0,3],"10":[1,2],"11":[0,1]},"_coverageSchema":"1a1c01bbd47fc00a2c39e90264f33305004495a9","hash":"2d299755c171762883874996760c80c6466e1362"}
}
