TN:
SF:config.js
FNF:0
FNH:0
DA:2,2
LF:1
LH:1
BRF:0
BRH:0
end_of_record
TN:
SF:middleware\authMiddleware.js
FN:8,(anonymous_0)
FNF:1
FNH:1
FNDA:5,(anonymous_0)
DA:3,1
DA:4,1
DA:5,1
DA:8,1
DA:9,5
DA:11,5
DA:14,5
DA:15,1
DA:19,4
DA:22,2
DA:23,2
DA:25,1
DA:29,1
DA:30,1
DA:32,2
DA:34,2
DA:38,1
LF:17
LH:17
BRDA:14,0,0,1
BRDA:14,0,1,4
BRDA:23,1,0,1
BRDA:23,1,1,1
BRF:4
BRH:4
end_of_record
TN:
SF:models\User.js
FNF:0
FNH:0
DA:2,3
DA:4,3
DA:51,3
LF:3
LH:3
BRF:0
BRH:0
end_of_record
TN:
SF:routes\destinations.js
FN:8,(anonymous_0)
FN:22,(anonymous_1)
FN:36,(anonymous_2)
FN:55,(anonymous_3)
FN:63,(anonymous_4)
FN:75,(anonymous_5)
FN:89,(anonymous_6)
FN:103,(anonymous_7)
FN:128,(anonymous_8)
FN:136,(anonymous_9)
FNF:10
FNH:10
FNDA:3,(anonymous_0)
FNDA:6,(anonymous_1)
FNDA:1,(anonymous_2)
FNDA:2,(anonymous_3)
FNDA:2,(anonymous_4)
FNDA:1,(anonymous_5)
FNDA:4,(anonymous_6)
FNDA:1,(anonymous_7)
FNDA:1,(anonymous_8)
FNDA:2,(anonymous_9)
DA:2,1
DA:3,1
DA:4,1
DA:5,1
DA:8,1
DA:9,3
DA:10,3
DA:11,2
DA:12,1
DA:14,1
DA:16,1
DA:17,1
DA:22,1
DA:23,6
DA:24,6
DA:26,6
DA:27,2
DA:30,4
DA:31,4
DA:32,1
DA:36,3
DA:37,1
DA:40,3
DA:41,1
DA:44,2
DA:45,2
DA:47,2
DA:49,0
DA:50,0
DA:55,1
DA:56,2
DA:57,2
DA:58,2
DA:59,1
DA:62,1
DA:63,2
DA:66,1
DA:67,1
DA:69,0
DA:70,0
DA:75,1
DA:76,1
DA:77,1
DA:78,1
DA:79,0
DA:81,1
DA:83,0
DA:84,0
DA:89,1
DA:90,4
DA:91,4
DA:93,4
DA:94,1
DA:97,3
DA:98,3
DA:99,0
DA:103,3
DA:104,1
DA:107,3
DA:108,1
DA:111,2
DA:118,2
DA:120,2
DA:122,0
DA:123,0
DA:128,1
DA:129,1
DA:130,1
DA:131,1
DA:132,0
DA:135,1
DA:136,2
DA:139,1
DA:140,1
DA:142,0
DA:143,0
DA:147,1
LF:77
LH:64
BRDA:11,0,0,1
BRDA:11,0,1,1
BRDA:26,1,0,2
BRDA:26,1,1,4
BRDA:26,2,0,6
BRDA:26,2,1,5
BRDA:31,3,0,1
BRDA:31,3,1,3
BRDA:40,4,0,1
BRDA:40,4,1,2
BRDA:58,5,0,1
BRDA:58,5,1,1
BRDA:78,6,0,0
BRDA:78,6,1,1
BRDA:93,7,0,1
BRDA:93,7,1,3
BRDA:93,8,0,4
BRDA:93,8,1,4
BRDA:93,8,2,4
BRDA:93,8,3,3
BRDA:98,9,0,0
BRDA:98,9,1,3
BRDA:107,10,0,1
BRDA:107,10,1,2
BRDA:131,11,0,0
BRDA:131,11,1,1
BRF:26
BRH:23
end_of_record
